# JRE version: OpenJDK Runtime Environment Temurin-21.0.8+9 (21.0.8+9) (build 21.0.8+9-LTS)
# Java VM: OpenJDK 64-Bit Server VM Temurin-21.0.8+9 (21.0.8+9-LTS, mixed mode, sharing, tiered, compressed oops, compressed class ptrs, parallel gc, windows-amd64)
GC Precious Log:
 CardTable entry size: 512
 CPUs: 8 total, 8 available
 Memory: 16283M
 Large Page Support: Disabled
 NUMA Support: Disabled
 Compressed Oops: Enabled (32-bit)
 Alignments: Space 512K, Generation 512K, Heap 2M
 Heap Min Capacity: 100M
 Heap Initial Capacity: 100M
 Heap Max Capacity: 2G
 Pre-touch: Disabled
 Parallel Workers: 8
Heap:
 PSYoungGen      total 11264K, used 7722K [0x00000000d5580000, 0x00000000d6600000, 0x0000000100000000)
  eden space 10752K, 68% used [0x00000000d5580000,0x00000000d5caa800,0x00000000d6000000)
  from space 512K, 75% used [0x00000000d6500000,0x00000000d6560000,0x00000000d6580000)
  to   space 512K, 0% used [0x00000000d6580000,0x00000000d6580000,0x00000000d6600000)
 ParOldGen       total 1018368K, used 1018090K [0x0000000080000000, 0x00000000be280000, 0x00000000d5580000)
  object space 1018368K, 99% used [0x0000000080000000,0x00000000be23ab40,0x00000000be280000)
 Metaspace       used 79178K, committed 81024K, reserved 1179648K
  class space    used 8214K, committed 9024K, reserved 1048576K
GC Heap History (20 events):
Event: 36.692 GC heap before
{Heap before GC invocations=1557 (full 3):
 PSYoungGen      total 19456K, used 19352K [0x00000000d5580000, 0x00000000d7180000, 0x0000000100000000)
  eden space 11264K, 100% used [0x00000000d5580000,0x00000000d6080000,0x00000000d6080000)
  from space 8192K, 98% used [0x00000000d6200000,0x00000000d69e6060,0x00000000d6a00000)
  to   space 7680K, 0% used [0x00000000d6a00000,0x00000000d6a00000,0x00000000d7180000)
 ParOldGen       total 1010688K, used 1010363K [0x0000000080000000, 0x00000000bdb00000, 0x00000000d5580000)
  object space 1010688K, 99% used [0x0000000080000000,0x00000000bdaaef08,0x00000000bdb00000)
 Metaspace       used 74156K, committed 75904K, reserved 1179648K
  class space    used 7577K, committed 8320K, reserved 1048576K
}
Event: 36.697 GC heap after
{Heap after GC invocations=1557 (full 3):
 PSYoungGen      total 18432K, used 7672K [0x00000000d5580000, 0x00000000d7480000, 0x0000000100000000)
  eden space 10752K, 0% used [0x00000000d5580000,0x00000000d5580000,0x00000000d6000000)
  from space 7680K, 99% used [0x00000000d6a00000,0x00000000d717e060,0x00000000d7180000)
  to   space 10240K, 0% used [0x00000000d6000000,0x00000000d6000000,0x00000000d6a00000)
 ParOldGen       total 1012736K, used 1012419K [0x0000000080000000, 0x00000000bdd00000, 0x00000000d5580000)
  object space 1012736K, 99% used [0x0000000080000000,0x00000000bdcb0f08,0x00000000bdd00000)
 Metaspace       used 74156K, committed 75904K, reserved 1179648K
  class space    used 7577K, committed 8320K, reserved 1048576K
}
Event: 36.740 GC heap before
{Heap before GC invocations=1558 (full 3):
 PSYoungGen      total 18432K, used 18424K [0x00000000d5580000, 0x00000000d7480000, 0x0000000100000000)
  eden space 10752K, 100% used [0x00000000d5580000,0x00000000d6000000,0x00000000d6000000)
  from space 7680K, 99% used [0x00000000d6a00000,0x00000000d717e060,0x00000000d7180000)
  to   space 10240K, 0% used [0x00000000d6000000,0x00000000d6000000,0x00000000d6a00000)
 ParOldGen       total 1012736K, used 1012419K [0x0000000080000000, 0x00000000bdd00000, 0x00000000d5580000)
  object space 1012736K, 99% used [0x0000000080000000,0x00000000bdcb0f08,0x00000000bdd00000)
 Metaspace       used 74198K, committed 75904K, reserved 1179648K
  class space    used 7581K, committed 8320K, reserved 1048576K
}
Event: 36.743 GC heap after
{Heap after GC invocations=1558 (full 3):
 PSYoungGen      total 11776K, used 916K [0x00000000d5580000, 0x00000000d6a80000, 0x0000000100000000)
  eden space 10752K, 0% used [0x00000000d5580000,0x00000000d5580000,0x00000000d6000000)
  from space 1024K, 89% used [0x00000000d6000000,0x00000000d60e5200,0x00000000d6100000)
  to   space 4608K, 0% used [0x00000000d6600000,0x00000000d6600000,0x00000000d6a80000)
 ParOldGen       total 1012736K, used 1012451K [0x0000000080000000, 0x00000000bdd00000, 0x00000000d5580000)
  object space 1012736K, 99% used [0x0000000080000000,0x00000000bdcb8f08,0x00000000bdd00000)
 Metaspace       used 74198K, committed 75904K, reserved 1179648K
  class space    used 7581K, committed 8320K, reserved 1048576K
}
Event: 310.475 GC heap before
{Heap before GC invocations=1559 (full 3):
 PSYoungGen      total 11776K, used 11668K [0x00000000d5580000, 0x00000000d6a80000, 0x0000000100000000)
  eden space 10752K, 100% used [0x00000000d5580000,0x00000000d6000000,0x00000000d6000000)
  from space 1024K, 89% used [0x00000000d6000000,0x00000000d60e5200,0x00000000d6100000)
  to   space 4608K, 0% used [0x00000000d6600000,0x00000000d6600000,0x00000000d6a80000)
 ParOldGen       total 1012736K, used 1012451K [0x0000000080000000, 0x00000000bdd00000, 0x00000000d5580000)
  object space 1012736K, 99% used [0x0000000080000000,0x00000000bdcb8f08,0x00000000bdd00000)
 Metaspace       used 75301K, committed 77056K, reserved 1179648K
  class space    used 7709K, committed 8512K, reserved 1048576K
}
Event: 310.478 GC heap after
{Heap after GC invocations=1559 (full 3):
 PSYoungGen      total 11776K, used 832K [0x00000000d5580000, 0x00000000d6700000, 0x0000000100000000)
  eden space 10752K, 0% used [0x00000000d5580000,0x00000000d5580000,0x00000000d6000000)
  from space 1024K, 81% used [0x00000000d6600000,0x00000000d66d0000,0x00000000d6700000)
  to   space 1536K, 0% used [0x00000000d6400000,0x00000000d6400000,0x00000000d6580000)
 ParOldGen       total 1013248K, used 1013224K [0x0000000080000000, 0x00000000bdd80000, 0x00000000d5580000)
  object space 1013248K, 99% used [0x0000000080000000,0x00000000bdd7a148,0x00000000bdd80000)
 Metaspace       used 75301K, committed 77056K, reserved 1179648K
  class space    used 7709K, committed 8512K, reserved 1048576K
}
Event: 362.378 GC heap before
{Heap before GC invocations=1560 (full 3):
 PSYoungGen      total 11776K, used 11584K [0x00000000d5580000, 0x00000000d6700000, 0x0000000100000000)
  eden space 10752K, 100% used [0x00000000d5580000,0x00000000d6000000,0x00000000d6000000)
  from space 1024K, 81% used [0x00000000d6600000,0x00000000d66d0000,0x00000000d6700000)
  to   space 1536K, 0% used [0x00000000d6400000,0x00000000d6400000,0x00000000d6580000)
 ParOldGen       total 1013248K, used 1013224K [0x0000000080000000, 0x00000000bdd80000, 0x00000000d5580000)
  object space 1013248K, 99% used [0x0000000080000000,0x00000000bdd7a148,0x00000000bdd80000)
 Metaspace       used 75734K, committed 77568K, reserved 1179648K
  class space    used 7756K, committed 8576K, reserved 1048576K
}
Event: 362.382 GC heap after
{Heap after GC invocations=1560 (full 3):
 PSYoungGen      total 12288K, used 1510K [0x00000000d5580000, 0x00000000d6c00000, 0x0000000100000000)
  eden space 10752K, 0% used [0x00000000d5580000,0x00000000d5580000,0x00000000d6000000)
  from space 1536K, 98% used [0x00000000d6400000,0x00000000d6579a30,0x00000000d6580000)
  to   space 6144K, 0% used [0x00000000d6600000,0x00000000d6600000,0x00000000d6c00000)
 ParOldGen       total 1017344K, used 1016977K [0x0000000080000000, 0x00000000be180000, 0x00000000d5580000)
  object space 1017344K, 99% used [0x0000000080000000,0x00000000be124510,0x00000000be180000)
 Metaspace       used 75734K, committed 77568K, reserved 1179648K
  class space    used 7756K, committed 8576K, reserved 1048576K
}
Event: 364.435 GC heap before
{Heap before GC invocations=1561 (full 3):
 PSYoungGen      total 12288K, used 12262K [0x00000000d5580000, 0x00000000d6c00000, 0x0000000100000000)
  eden space 10752K, 100% used [0x00000000d5580000,0x00000000d6000000,0x00000000d6000000)
  from space 1536K, 98% used [0x00000000d6400000,0x00000000d6579a30,0x00000000d6580000)
  to   space 6144K, 0% used [0x00000000d6600000,0x00000000d6600000,0x00000000d6c00000)
 ParOldGen       total 1017344K, used 1016977K [0x0000000080000000, 0x00000000be180000, 0x00000000d5580000)
  object space 1017344K, 99% used [0x0000000080000000,0x00000000be124510,0x00000000be180000)
 Metaspace       used 75766K, committed 77568K, reserved 1179648K
  class space    used 7756K, committed 8576K, reserved 1048576K
}
Event: 364.438 GC heap after
{Heap after GC invocations=1561 (full 3):
 PSYoungGen      total 12800K, used 1798K [0x00000000d5580000, 0x00000000d6800000, 0x0000000100000000)
  eden space 10752K, 0% used [0x00000000d5580000,0x00000000d5580000,0x00000000d6000000)
  from space 2048K, 87% used [0x00000000d6600000,0x00000000d67c1a60,0x00000000d6800000)
  to   space 3072K, 0% used [0x00000000d6200000,0x00000000d6200000,0x00000000d6500000)
 ParOldGen       total 1017344K, used 1017153K [0x0000000080000000, 0x00000000be180000, 0x00000000d5580000)
  object space 1017344K, 99% used [0x0000000080000000,0x00000000be150510,0x00000000be180000)
 Metaspace       used 75766K, committed 77568K, reserved 1179648K
  class space    used 7756K, committed 8576K, reserved 1048576K
}
Event: 365.296 GC heap before
{Heap before GC invocations=1562 (full 3):
 PSYoungGen      total 12800K, used 12550K [0x00000000d5580000, 0x00000000d6800000, 0x0000000100000000)
  eden space 10752K, 100% used [0x00000000d5580000,0x00000000d6000000,0x00000000d6000000)
  from space 2048K, 87% used [0x00000000d6600000,0x00000000d67c1a60,0x00000000d6800000)
  to   space 3072K, 0% used [0x00000000d6200000,0x00000000d6200000,0x00000000d6500000)
 ParOldGen       total 1017344K, used 1017153K [0x0000000080000000, 0x00000000be180000, 0x00000000d5580000)
  object space 1017344K, 99% used [0x0000000080000000,0x00000000be150510,0x00000000be180000)
 Metaspace       used 75802K, committed 77632K, reserved 1179648K
  class space    used 7761K, committed 8576K, reserved 1048576K
}
Event: 365.298 GC heap after
{Heap after GC invocations=1562 (full 3):
 PSYoungGen      total 13824K, used 224K [0x00000000d5580000, 0x00000000d6680000, 0x0000000100000000)
  eden space 10752K, 0% used [0x00000000d5580000,0x00000000d5580000,0x00000000d6000000)
  from space 3072K, 7% used [0x00000000d6200000,0x00000000d6238000,0x00000000d6500000)
  to   space 1024K, 0% used [0x00000000d6580000,0x00000000d6580000,0x00000000d6680000)
 ParOldGen       total 1017856K, used 1017417K [0x0000000080000000, 0x00000000be200000, 0x00000000d5580000)
  object space 1017856K, 99% used [0x0000000080000000,0x00000000be192520,0x00000000be200000)
 Metaspace       used 75802K, committed 77632K, reserved 1179648K
  class space    used 7761K, committed 8576K, reserved 1048576K
}
Event: 365.343 GC heap before
{Heap before GC invocations=1563 (full 3):
 PSYoungGen      total 13824K, used 10976K [0x00000000d5580000, 0x00000000d6680000, 0x0000000100000000)
  eden space 10752K, 100% used [0x00000000d5580000,0x00000000d6000000,0x00000000d6000000)
  from space 3072K, 7% used [0x00000000d6200000,0x00000000d6238000,0x00000000d6500000)
  to   space 1024K, 0% used [0x00000000d6580000,0x00000000d6580000,0x00000000d6680000)
 ParOldGen       total 1017856K, used 1017417K [0x0000000080000000, 0x00000000be200000, 0x00000000d5580000)
  object space 1017856K, 99% used [0x0000000080000000,0x00000000be192520,0x00000000be200000)
 Metaspace       used 75905K, committed 77696K, reserved 1179648K
  class space    used 7778K, committed 8576K, reserved 1048576K
}
Event: 365.345 GC heap after
{Heap after GC invocations=1563 (full 3):
 PSYoungGen      total 11264K, used 432K [0x00000000d5580000, 0x00000000d6600000, 0x0000000100000000)
  eden space 10752K, 0% used [0x00000000d5580000,0x00000000d5580000,0x00000000d6000000)
  from space 512K, 84% used [0x00000000d6580000,0x00000000d65ec010,0x00000000d6600000)
  to   space 512K, 0% used [0x00000000d6500000,0x00000000d6500000,0x00000000d6580000)
 ParOldGen       total 1017856K, used 1017465K [0x0000000080000000, 0x00000000be200000, 0x00000000d5580000)
  object space 1017856K, 99% used [0x0000000080000000,0x00000000be19e520,0x00000000be200000)
 Metaspace       used 75905K, committed 77696K, reserved 1179648K
  class space    used 7778K, committed 8576K, reserved 1048576K
}
Event: 365.553 GC heap before
{Heap before GC invocations=1564 (full 3):
 PSYoungGen      total 11264K, used 11180K [0x00000000d5580000, 0x00000000d6600000, 0x0000000100000000)
  eden space 10752K, 99% used [0x00000000d5580000,0x00000000d5fff0c8,0x00000000d6000000)
  from space 512K, 84% used [0x00000000d6580000,0x00000000d65ec010,0x00000000d6600000)
  to   space 512K, 0% used [0x00000000d6500000,0x00000000d6500000,0x00000000d6580000)
 ParOldGen       total 1017856K, used 1017465K [0x0000000080000000, 0x00000000be200000, 0x00000000d5580000)
  object space 1017856K, 99% used [0x0000000080000000,0x00000000be19e520,0x00000000be200000)
 Metaspace       used 77124K, committed 78848K, reserved 1179648K
  class space    used 7886K, committed 8640K, reserved 1048576K
}
Event: 365.555 GC heap after
{Heap after GC invocations=1564 (full 3):
 PSYoungGen      total 11264K, used 401K [0x00000000d5580000, 0x00000000d6600000, 0x0000000100000000)
  eden space 10752K, 0% used [0x00000000d5580000,0x00000000d5580000,0x00000000d6000000)
  from space 512K, 78% used [0x00000000d6500000,0x00000000d65645d0,0x00000000d6580000)
  to   space 512K, 0% used [0x00000000d6580000,0x00000000d6580000,0x00000000d6600000)
 ParOldGen       total 1017856K, used 1017601K [0x0000000080000000, 0x00000000be200000, 0x00000000d5580000)
  object space 1017856K, 99% used [0x0000000080000000,0x00000000be1c0530,0x00000000be200000)
 Metaspace       used 77124K, committed 78848K, reserved 1179648K
  class space    used 7886K, committed 8640K, reserved 1048576K
}
Event: 365.623 GC heap before
{Heap before GC invocations=1565 (full 3):
 PSYoungGen      total 11264K, used 11153K [0x00000000d5580000, 0x00000000d6600000, 0x0000000100000000)
  eden space 10752K, 100% used [0x00000000d5580000,0x00000000d6000000,0x00000000d6000000)
  from space 512K, 78% used [0x00000000d6500000,0x00000000d65645d0,0x00000000d6580000)
  to   space 512K, 0% used [0x00000000d6580000,0x00000000d6580000,0x00000000d6600000)
 ParOldGen       total 1017856K, used 1017601K [0x0000000080000000, 0x00000000be200000, 0x00000000d5580000)
  object space 1017856K, 99% used [0x0000000080000000,0x00000000be1c0530,0x00000000be200000)
 Metaspace       used 78160K, committed 79936K, reserved 1179648K
  class space    used 8084K, committed 8832K, reserved 1048576K
}
Event: 365.625 GC heap after
{Heap after GC invocations=1565 (full 3):
 PSYoungGen      total 11264K, used 304K [0x00000000d5580000, 0x00000000d6600000, 0x0000000100000000)
  eden space 10752K, 0% used [0x00000000d5580000,0x00000000d5580000,0x00000000d6000000)
  from space 512K, 59% used [0x00000000d6580000,0x00000000d65cc010,0x00000000d6600000)
  to   space 512K, 0% used [0x00000000d6500000,0x00000000d6500000,0x00000000d6580000)
 ParOldGen       total 1018368K, used 1017890K [0x0000000080000000, 0x00000000be280000, 0x00000000d5580000)
  object space 1018368K, 99% used [0x0000000080000000,0x00000000be208b00,0x00000000be280000)
 Metaspace       used 78160K, committed 79936K, reserved 1179648K
  class space    used 8084K, committed 8832K, reserved 1048576K
}
Event: 2736.025 GC heap before
{Heap before GC invocations=1566 (full 3):
 PSYoungGen      total 11264K, used 11056K [0x00000000d5580000, 0x00000000d6600000, 0x0000000100000000)
  eden space 10752K, 100% used [0x00000000d5580000,0x00000000d6000000,0x00000000d6000000)
  from space 512K, 59% used [0x00000000d6580000,0x00000000d65cc010,0x00000000d6600000)
  to   space 512K, 0% used [0x00000000d6500000,0x00000000d6500000,0x00000000d6580000)
 ParOldGen       total 1018368K, used 1017890K [0x0000000080000000, 0x00000000be280000, 0x00000000d5580000)
  object space 1018368K, 99% used [0x0000000080000000,0x00000000be208b00,0x00000000be280000)
 Metaspace       used 79159K, committed 80960K, reserved 1179648K
  class space    used 8213K, committed 9024K, reserved 1048576K
}
Event: 2736.082 GC heap after
{Heap after GC invocations=1566 (full 3):
 PSYoungGen      total 11264K, used 384K [0x00000000d5580000, 0x00000000d6600000, 0x0000000100000000)
  eden space 10752K, 0% used [0x00000000d5580000,0x00000000d5580000,0x00000000d6000000)
  from space 512K, 75% used [0x00000000d6500000,0x00000000d6560000,0x00000000d6580000)
  to   space 512K, 0% used [0x00000000d6580000,0x00000000d6580000,0x00000000d6600000)
 ParOldGen       total 1018368K, used 1018090K [0x0000000080000000, 0x00000000be280000, 0x00000000d5580000)
  object space 1018368K, 99% used [0x0000000080000000,0x00000000be23ab40,0x00000000be280000)
 Metaspace       used 79159K, committed 80960K, reserved 1179648K
  class space    used 8213K, committed 9024K, reserved 1048576K
}

