# JRE version: OpenJDK Runtime Environment Temurin-21.0.8+9 (21.0.8+9) (build 21.0.8+9-LTS)
# Java VM: OpenJDK 64-Bit Server VM Temurin-21.0.8+9 (21.0.8+9-LTS, mixed mode, sharing, tiered, compressed oops, compressed class ptrs, parallel gc, windows-amd64)
GC Precious Log:
 CardTable entry size: 512
 CPUs: 16 total, 16 available
 Memory: 24190M
 Large Page Support: Disabled
 NUMA Support: Disabled
 Compressed Oops: Enabled (32-bit)
 Alignments: Space 512K, Generation 512K, Heap 2M
 Heap Min Capacity: 100M
 Heap Initial Capacity: 100M
 Heap Max Capacity: 2G
 Pre-touch: Disabled
 Parallel Workers: 13
Heap:
 PSYoungGen      total 22016K, used 12136K [0x00000000d5580000, 0x00000000d6f80000, 0x0000000100000000)
  eden space 21504K, 55% used [0x00000000d5580000,0x00000000d611a320,0x00000000d6a80000)
  from space 512K, 50% used [0x00000000d6f00000,0x00000000d6f40000,0x00000000d6f80000)
  to   space 512K, 0% used [0x00000000d6e80000,0x00000000d6e80000,0x00000000d6f00000)
 ParOldGen       total 1334784K, used 1334682K [0x0000000080000000, 0x00000000d1780000, 0x00000000d5580000)
  object space 1334784K, 99% used [0x0000000080000000,0x00000000d1766b08,0x00000000d1780000)
 Metaspace       used 102454K, committed 104448K, reserved 1179648K
  class space    used 10136K, committed 11136K, reserved 1048576K
GC Heap History (20 events):
Event: 3427.922 GC heap before
{Heap before GC invocations=4426 (full 9):
 PSYoungGen      total 23552K, used 23401K [0x00000000d5580000, 0x00000000d7280000, 0x0000000100000000)
  eden space 22528K, 100% used [0x00000000d5580000,0x00000000d6b80000,0x00000000d6b80000)
  from space 1024K, 85% used [0x00000000d7180000,0x00000000d725a700,0x00000000d7280000)
  to   space 1024K, 0% used [0x00000000d7080000,0x00000000d7080000,0x00000000d7180000)
 ParOldGen       total 1328128K, used 1327945K [0x0000000080000000, 0x00000000d1100000, 0x00000000d5580000)
  object space 1328128K, 99% used [0x0000000080000000,0x00000000d10d26b8,0x00000000d1100000)
 Metaspace       used 102436K, committed 104384K, reserved 1179648K
  class space    used 10136K, committed 11136K, reserved 1048576K
}
Event: 3427.923 GC heap after
{Heap after GC invocations=4426 (full 9):
 PSYoungGen      total 23040K, used 1010K [0x00000000d5580000, 0x00000000d7200000, 0x0000000100000000)
  eden space 22016K, 0% used [0x00000000d5580000,0x00000000d5580000,0x00000000d6b00000)
  from space 1024K, 98% used [0x00000000d7080000,0x00000000d717ca40,0x00000000d7180000)
  to   space 512K, 0% used [0x00000000d7180000,0x00000000d7180000,0x00000000d7200000)
 ParOldGen       total 1329664K, used 1329586K [0x0000000080000000, 0x00000000d1280000, 0x00000000d5580000)
  object space 1329664K, 99% used [0x0000000080000000,0x00000000d126c8b8,0x00000000d1280000)
 Metaspace       used 102436K, committed 104384K, reserved 1179648K
  class space    used 10136K, committed 11136K, reserved 1048576K
}
Event: 3427.927 GC heap before
{Heap before GC invocations=4427 (full 9):
 PSYoungGen      total 23040K, used 23026K [0x00000000d5580000, 0x00000000d7200000, 0x0000000100000000)
  eden space 22016K, 100% used [0x00000000d5580000,0x00000000d6b00000,0x00000000d6b00000)
  from space 1024K, 98% used [0x00000000d7080000,0x00000000d717ca40,0x00000000d7180000)
  to   space 512K, 0% used [0x00000000d7180000,0x00000000d7180000,0x00000000d7200000)
 ParOldGen       total 1329664K, used 1329586K [0x0000000080000000, 0x00000000d1280000, 0x00000000d5580000)
  object space 1329664K, 99% used [0x0000000080000000,0x00000000d126c8b8,0x00000000d1280000)
 Metaspace       used 102436K, committed 104384K, reserved 1179648K
  class space    used 10136K, committed 11136K, reserved 1048576K
}
Event: 3427.929 GC heap after
{Heap after GC invocations=4427 (full 9):
 PSYoungGen      total 22016K, used 512K [0x00000000d5580000, 0x00000000d7200000, 0x0000000100000000)
  eden space 21504K, 0% used [0x00000000d5580000,0x00000000d5580000,0x00000000d6a80000)
  from space 512K, 100% used [0x00000000d7180000,0x00000000d7200000,0x00000000d7200000)
  to   space 2560K, 0% used [0x00000000d6d00000,0x00000000d6d00000,0x00000000d6f80000)
 ParOldGen       total 1331712K, used 1331426K [0x0000000080000000, 0x00000000d1480000, 0x00000000d5580000)
  object space 1331712K, 99% used [0x0000000080000000,0x00000000d14388f8,0x00000000d1480000)
 Metaspace       used 102436K, committed 104384K, reserved 1179648K
  class space    used 10136K, committed 11136K, reserved 1048576K
}
Event: 3427.938 GC heap before
{Heap before GC invocations=4428 (full 9):
 PSYoungGen      total 22016K, used 22016K [0x00000000d5580000, 0x00000000d7200000, 0x0000000100000000)
  eden space 21504K, 100% used [0x00000000d5580000,0x00000000d6a80000,0x00000000d6a80000)
  from space 512K, 100% used [0x00000000d7180000,0x00000000d7200000,0x00000000d7200000)
  to   space 2560K, 0% used [0x00000000d6d00000,0x00000000d6d00000,0x00000000d6f80000)
 ParOldGen       total 1331712K, used 1331426K [0x0000000080000000, 0x00000000d1480000, 0x00000000d5580000)
  object space 1331712K, 99% used [0x0000000080000000,0x00000000d14388f8,0x00000000d1480000)
 Metaspace       used 102436K, committed 104384K, reserved 1179648K
  class space    used 10136K, committed 11136K, reserved 1048576K
}
Event: 3427.939 GC heap after
{Heap after GC invocations=4428 (full 9):
 PSYoungGen      total 24064K, used 704K [0x00000000d5580000, 0x00000000d7200000, 0x0000000100000000)
  eden space 21504K, 0% used [0x00000000d5580000,0x00000000d5580000,0x00000000d6a80000)
  from space 2560K, 27% used [0x00000000d6d00000,0x00000000d6db0000,0x00000000d6f80000)
  to   space 1536K, 0% used [0x00000000d7080000,0x00000000d7080000,0x00000000d7200000)
 ParOldGen       total 1332224K, used 1331970K [0x0000000080000000, 0x00000000d1500000, 0x00000000d5580000)
  object space 1332224K, 99% used [0x0000000080000000,0x00000000d14c08f8,0x00000000d1500000)
 Metaspace       used 102436K, committed 104384K, reserved 1179648K
  class space    used 10136K, committed 11136K, reserved 1048576K
}
Event: 3427.954 GC heap before
{Heap before GC invocations=4429 (full 9):
 PSYoungGen      total 24064K, used 22137K [0x00000000d5580000, 0x00000000d7200000, 0x0000000100000000)
  eden space 21504K, 99% used [0x00000000d5580000,0x00000000d6a6e4e8,0x00000000d6a80000)
  from space 2560K, 27% used [0x00000000d6d00000,0x00000000d6db0000,0x00000000d6f80000)
  to   space 1536K, 0% used [0x00000000d7080000,0x00000000d7080000,0x00000000d7200000)
 ParOldGen       total 1332224K, used 1331970K [0x0000000080000000, 0x00000000d1500000, 0x00000000d5580000)
  object space 1332224K, 99% used [0x0000000080000000,0x00000000d14c08f8,0x00000000d1500000)
 Metaspace       used 102436K, committed 104384K, reserved 1179648K
  class space    used 10136K, committed 11136K, reserved 1048576K
}
Event: 3427.955 GC heap after
{Heap after GC invocations=4429 (full 9):
 PSYoungGen      total 23040K, used 1228K [0x00000000d5580000, 0x00000000d7200000, 0x0000000100000000)
  eden space 21504K, 0% used [0x00000000d5580000,0x00000000d5580000,0x00000000d6a80000)
  from space 1536K, 80% used [0x00000000d7080000,0x00000000d71b3340,0x00000000d7200000)
  to   space 1536K, 0% used [0x00000000d6f00000,0x00000000d6f00000,0x00000000d7080000)
 ParOldGen       total 1332736K, used 1332490K [0x0000000080000000, 0x00000000d1580000, 0x00000000d5580000)
  object space 1332736K, 99% used [0x0000000080000000,0x00000000d15428f8,0x00000000d1580000)
 Metaspace       used 102436K, committed 104384K, reserved 1179648K
  class space    used 10136K, committed 11136K, reserved 1048576K
}
Event: 3427.969 GC heap before
{Heap before GC invocations=4430 (full 9):
 PSYoungGen      total 23040K, used 22585K [0x00000000d5580000, 0x00000000d7200000, 0x0000000100000000)
  eden space 21504K, 99% used [0x00000000d5580000,0x00000000d6a5b0d0,0x00000000d6a80000)
  from space 1536K, 80% used [0x00000000d7080000,0x00000000d71b3340,0x00000000d7200000)
  to   space 1536K, 0% used [0x00000000d6f00000,0x00000000d6f00000,0x00000000d7080000)
 ParOldGen       total 1332736K, used 1332490K [0x0000000080000000, 0x00000000d1580000, 0x00000000d5580000)
  object space 1332736K, 99% used [0x0000000080000000,0x00000000d15428f8,0x00000000d1580000)
 Metaspace       used 102436K, committed 104384K, reserved 1179648K
  class space    used 10136K, committed 11136K, reserved 1048576K
}
Event: 3427.971 GC heap after
{Heap after GC invocations=4430 (full 9):
 PSYoungGen      total 22016K, used 332K [0x00000000d5580000, 0x00000000d7100000, 0x0000000100000000)
  eden space 21504K, 0% used [0x00000000d5580000,0x00000000d5580000,0x00000000d6a80000)
  from space 512K, 65% used [0x00000000d6f00000,0x00000000d6f53340,0x00000000d6f80000)
  to   space 1024K, 0% used [0x00000000d7000000,0x00000000d7000000,0x00000000d7100000)
 ParOldGen       total 1333760K, used 1333286K [0x0000000080000000, 0x00000000d1680000, 0x00000000d5580000)
  object space 1333760K, 99% used [0x0000000080000000,0x00000000d1609908,0x00000000d1680000)
 Metaspace       used 102436K, committed 104384K, reserved 1179648K
  class space    used 10136K, committed 11136K, reserved 1048576K
}
Event: 3427.984 GC heap before
{Heap before GC invocations=4431 (full 9):
 PSYoungGen      total 22016K, used 21781K [0x00000000d5580000, 0x00000000d7100000, 0x0000000100000000)
  eden space 21504K, 99% used [0x00000000d5580000,0x00000000d6a722b8,0x00000000d6a80000)
  from space 512K, 65% used [0x00000000d6f00000,0x00000000d6f53340,0x00000000d6f80000)
  to   space 1024K, 0% used [0x00000000d7000000,0x00000000d7000000,0x00000000d7100000)
 ParOldGen       total 1333760K, used 1333286K [0x0000000080000000, 0x00000000d1680000, 0x00000000d5580000)
  object space 1333760K, 99% used [0x0000000080000000,0x00000000d1609908,0x00000000d1680000)
 Metaspace       used 102436K, committed 104384K, reserved 1179648K
  class space    used 10136K, committed 11136K, reserved 1048576K
}
Event: 3427.986 GC heap after
{Heap after GC invocations=4431 (full 9):
 PSYoungGen      total 22016K, used 508K [0x00000000d5580000, 0x00000000d7080000, 0x0000000100000000)
  eden space 21504K, 0% used [0x00000000d5580000,0x00000000d5580000,0x00000000d6a80000)
  from space 512K, 99% used [0x00000000d7000000,0x00000000d707f340,0x00000000d7080000)
  to   space 1024K, 0% used [0x00000000d6e80000,0x00000000d6e80000,0x00000000d6f80000)
 ParOldGen       total 1333760K, used 1333294K [0x0000000080000000, 0x00000000d1680000, 0x00000000d5580000)
  object space 1333760K, 99% used [0x0000000080000000,0x00000000d160b908,0x00000000d1680000)
 Metaspace       used 102436K, committed 104384K, reserved 1179648K
  class space    used 10136K, committed 11136K, reserved 1048576K
}
Event: 3427.999 GC heap before
{Heap before GC invocations=4432 (full 9):
 PSYoungGen      total 22016K, used 22012K [0x00000000d5580000, 0x00000000d7080000, 0x0000000100000000)
  eden space 21504K, 100% used [0x00000000d5580000,0x00000000d6a80000,0x00000000d6a80000)
  from space 512K, 99% used [0x00000000d7000000,0x00000000d707f340,0x00000000d7080000)
  to   space 1024K, 0% used [0x00000000d6e80000,0x00000000d6e80000,0x00000000d6f80000)
 ParOldGen       total 1333760K, used 1333294K [0x0000000080000000, 0x00000000d1680000, 0x00000000d5580000)
  object space 1333760K, 99% used [0x0000000080000000,0x00000000d160b908,0x00000000d1680000)
 Metaspace       used 102436K, committed 104384K, reserved 1179648K
  class space    used 10136K, committed 11136K, reserved 1048576K
}
Event: 3428.001 GC heap after
{Heap after GC invocations=4432 (full 9):
 PSYoungGen      total 22528K, used 608K [0x00000000d5580000, 0x00000000d7080000, 0x0000000100000000)
  eden space 21504K, 0% used [0x00000000d5580000,0x00000000d5580000,0x00000000d6a80000)
  from space 1024K, 59% used [0x00000000d6e80000,0x00000000d6f18000,0x00000000d6f80000)
  to   space 1024K, 0% used [0x00000000d6f80000,0x00000000d6f80000,0x00000000d7080000)
 ParOldGen       total 1333760K, used 1333410K [0x0000000080000000, 0x00000000d1680000, 0x00000000d5580000)
  object space 1333760K, 99% used [0x0000000080000000,0x00000000d1628b08,0x00000000d1680000)
 Metaspace       used 102436K, committed 104384K, reserved 1179648K
  class space    used 10136K, committed 11136K, reserved 1048576K
}
Event: 3428.014 GC heap before
{Heap before GC invocations=4433 (full 9):
 PSYoungGen      total 22528K, used 22032K [0x00000000d5580000, 0x00000000d7080000, 0x0000000100000000)
  eden space 21504K, 99% used [0x00000000d5580000,0x00000000d6a6c3a0,0x00000000d6a80000)
  from space 1024K, 59% used [0x00000000d6e80000,0x00000000d6f18000,0x00000000d6f80000)
  to   space 1024K, 0% used [0x00000000d6f80000,0x00000000d6f80000,0x00000000d7080000)
 ParOldGen       total 1333760K, used 1333410K [0x0000000080000000, 0x00000000d1680000, 0x00000000d5580000)
  object space 1333760K, 99% used [0x0000000080000000,0x00000000d1628b08,0x00000000d1680000)
 Metaspace       used 102436K, committed 104384K, reserved 1179648K
  class space    used 10136K, committed 11136K, reserved 1048576K
}
Event: 3428.017 GC heap after
{Heap after GC invocations=4433 (full 9):
 PSYoungGen      total 22528K, used 1004K [0x00000000d5580000, 0x00000000d7080000, 0x0000000100000000)
  eden space 21504K, 0% used [0x00000000d5580000,0x00000000d5580000,0x00000000d6a80000)
  from space 1024K, 98% used [0x00000000d6f80000,0x00000000d707b340,0x00000000d7080000)
  to   space 2048K, 0% used [0x00000000d6c80000,0x00000000d6c80000,0x00000000d6e80000)
 ParOldGen       total 1334272K, used 1333962K [0x0000000080000000, 0x00000000d1700000, 0x00000000d5580000)
  object space 1334272K, 99% used [0x0000000080000000,0x00000000d16b2b08,0x00000000d1700000)
 Metaspace       used 102436K, committed 104384K, reserved 1179648K
  class space    used 10136K, committed 11136K, reserved 1048576K
}
Event: 3428.031 GC heap before
{Heap before GC invocations=4434 (full 9):
 PSYoungGen      total 22528K, used 22497K [0x00000000d5580000, 0x00000000d7080000, 0x0000000100000000)
  eden space 21504K, 99% used [0x00000000d5580000,0x00000000d6a7d1d8,0x00000000d6a80000)
  from space 1024K, 98% used [0x00000000d6f80000,0x00000000d707b340,0x00000000d7080000)
  to   space 2048K, 0% used [0x00000000d6c80000,0x00000000d6c80000,0x00000000d6e80000)
 ParOldGen       total 1334272K, used 1333962K [0x0000000080000000, 0x00000000d1700000, 0x00000000d5580000)
  object space 1334272K, 99% used [0x0000000080000000,0x00000000d16b2b08,0x00000000d1700000)
 Metaspace       used 102436K, committed 104384K, reserved 1179648K
  class space    used 10136K, committed 11136K, reserved 1048576K
}
Event: 3428.033 GC heap after
{Heap after GC invocations=4434 (full 9):
 PSYoungGen      total 23552K, used 332K [0x00000000d5580000, 0x00000000d7000000, 0x0000000100000000)
  eden space 21504K, 0% used [0x00000000d5580000,0x00000000d5580000,0x00000000d6a80000)
  from space 2048K, 16% used [0x00000000d6c80000,0x00000000d6cd3340,0x00000000d6e80000)
  to   space 1024K, 0% used [0x00000000d6f00000,0x00000000d6f00000,0x00000000d7000000)
 ParOldGen       total 1334784K, used 1334674K [0x0000000080000000, 0x00000000d1780000, 0x00000000d5580000)
  object space 1334784K, 99% used [0x0000000080000000,0x00000000d1764b08,0x00000000d1780000)
 Metaspace       used 102436K, committed 104384K, reserved 1179648K
  class space    used 10136K, committed 11136K, reserved 1048576K
}
Event: 3466.074 GC heap before
{Heap before GC invocations=4435 (full 9):
 PSYoungGen      total 23552K, used 21836K [0x00000000d5580000, 0x00000000d7000000, 0x0000000100000000)
  eden space 21504K, 100% used [0x00000000d5580000,0x00000000d6a80000,0x00000000d6a80000)
  from space 2048K, 16% used [0x00000000d6c80000,0x00000000d6cd3340,0x00000000d6e80000)
  to   space 1024K, 0% used [0x00000000d6f00000,0x00000000d6f00000,0x00000000d7000000)
 ParOldGen       total 1334784K, used 1334674K [0x0000000080000000, 0x00000000d1780000, 0x00000000d5580000)
  object space 1334784K, 99% used [0x0000000080000000,0x00000000d1764b08,0x00000000d1780000)
 Metaspace       used 102436K, committed 104384K, reserved 1179648K
  class space    used 10136K, committed 11136K, reserved 1048576K
}
Event: 3466.077 GC heap after
{Heap after GC invocations=4435 (full 9):
 PSYoungGen      total 22016K, used 256K [0x00000000d5580000, 0x00000000d6f80000, 0x0000000100000000)
  eden space 21504K, 0% used [0x00000000d5580000,0x00000000d5580000,0x00000000d6a80000)
  from space 512K, 50% used [0x00000000d6f00000,0x00000000d6f40000,0x00000000d6f80000)
  to   space 512K, 0% used [0x00000000d6e80000,0x00000000d6e80000,0x00000000d6f00000)
 ParOldGen       total 1334784K, used 1334682K [0x0000000080000000, 0x00000000d1780000, 0x00000000d5580000)
  object space 1334784K, 99% used [0x0000000080000000,0x00000000d1766b08,0x00000000d1780000)
 Metaspace       used 102436K, committed 104384K, reserved 1179648K
  class space    used 10136K, committed 11136K, reserved 1048576K
}

